This is pdfTeX, Version 3.14159265-2.6-1.40.18 (TeX Live 2017) (preloaded format=pdflatex 2017.5.23)  14 NOV 2019 08:14
entering extended mode
 restricted \write18 enabled.
 file:line:error style messages enabled.
 %&-line parsing enabled.
**IEEE_WheelSysID.tex
(./IEEE_WheelSysID.tex
LaTeX2e <2017-04-15>
Babel <3.10> and hyphenation patterns for 84 language(s) loaded.
(/usr/local/texlive/2017/texmf-dist/tex/latex/IEEEtran/IEEEtran.cls
Document Class: IEEEtran 2015/08/26 V1.8b by Michael Shell
-- See the "IEEEtran_HOWTO" manual for usage information.
-- http://www.michaelshell.org/tex/ieeetran/
\@IEEEtrantmpdimenA=\dimen102
\@IEEEtrantmpdimenB=\dimen103
\@IEEEtrantmpdimenC=\dimen104
\@IEEEtrantmpcountA=\count79
\@IEEEtrantmpcountB=\count80
\@IEEEtrantmpcountC=\count81
\@IEEEtrantmptoksA=\toks14
LaTeX Font Info:    Try loading font information for OT1+ptm on input line 503.

(/usr/local/texlive/2017/texmf-dist/tex/latex/psnfss/ot1ptm.fd
File: ot1ptm.fd 2001/06/04 font definitions for OT1/ptm.
)
-- Using 8.5in x 11in (letter) paper.
-- Using PDF output.
\@IEEEnormalsizeunitybaselineskip=\dimen105
-- This is a 10 point document.
\CLASSINFOnormalsizebaselineskip=\dimen106
\CLASSINFOnormalsizeunitybaselineskip=\dimen107
\IEEEnormaljot=\dimen108
LaTeX Font Info:    Font shape `OT1/ptm/bx/n' in size <5> not available
(Font)              Font shape `OT1/ptm/b/n' tried instead on input line 1090.
LaTeX Font Info:    Font shape `OT1/ptm/bx/it' in size <5> not available
(Font)              Font shape `OT1/ptm/b/it' tried instead on input line 1090.

LaTeX Font Info:    Font shape `OT1/ptm/bx/n' in size <7> not available
(Font)              Font shape `OT1/ptm/b/n' tried instead on input line 1090.
LaTeX Font Info:    Font shape `OT1/ptm/bx/it' in size <7> not available
(Font)              Font shape `OT1/ptm/b/it' tried instead on input line 1090.

LaTeX Font Info:    Font shape `OT1/ptm/bx/n' in size <8> not available
(Font)              Font shape `OT1/ptm/b/n' tried instead on input line 1090.
LaTeX Font Info:    Font shape `OT1/ptm/bx/it' in size <8> not available
(Font)              Font shape `OT1/ptm/b/it' tried instead on input line 1090.

LaTeX Font Info:    Font shape `OT1/ptm/bx/n' in size <9> not available
(Font)              Font shape `OT1/ptm/b/n' tried instead on input line 1090.
LaTeX Font Info:    Font shape `OT1/ptm/bx/it' in size <9> not available
(Font)              Font shape `OT1/ptm/b/it' tried instead on input line 1090.

LaTeX Font Info:    Font shape `OT1/ptm/bx/n' in size <10> not available
(Font)              Font shape `OT1/ptm/b/n' tried instead on input line 1090.
LaTeX Font Info:    Font shape `OT1/ptm/bx/it' in size <10> not available
(Font)              Font shape `OT1/ptm/b/it' tried instead on input line 1090.

LaTeX Font Info:    Font shape `OT1/ptm/bx/n' in size <11> not available
(Font)              Font shape `OT1/ptm/b/n' tried instead on input line 1090.
LaTeX Font Info:    Font shape `OT1/ptm/bx/it' in size <11> not available
(Font)              Font shape `OT1/ptm/b/it' tried instead on input line 1090.

LaTeX Font Info:    Font shape `OT1/ptm/bx/n' in size <12> not available
(Font)              Font shape `OT1/ptm/b/n' tried instead on input line 1090.
LaTeX Font Info:    Font shape `OT1/ptm/bx/it' in size <12> not available
(Font)              Font shape `OT1/ptm/b/it' tried instead on input line 1090.

LaTeX Font Info:    Font shape `OT1/ptm/bx/n' in size <17> not available
(Font)              Font shape `OT1/ptm/b/n' tried instead on input line 1090.
LaTeX Font Info:    Font shape `OT1/ptm/bx/it' in size <17> not available
(Font)              Font shape `OT1/ptm/b/it' tried instead on input line 1090.

LaTeX Font Info:    Font shape `OT1/ptm/bx/n' in size <20> not available
(Font)              Font shape `OT1/ptm/b/n' tried instead on input line 1090.
LaTeX Font Info:    Font shape `OT1/ptm/bx/it' in size <20> not available
(Font)              Font shape `OT1/ptm/b/it' tried instead on input line 1090.

LaTeX Font Info:    Font shape `OT1/ptm/bx/n' in size <24> not available
(Font)              Font shape `OT1/ptm/b/n' tried instead on input line 1090.
LaTeX Font Info:    Font shape `OT1/ptm/bx/it' in size <24> not available
(Font)              Font shape `OT1/ptm/b/it' tried instead on input line 1090.

\IEEEquantizedlength=\dimen109
\IEEEquantizedlengthdiff=\dimen110
\IEEEquantizedtextheightdiff=\dimen111
\IEEEilabelindentA=\dimen112
\IEEEilabelindentB=\dimen113
\IEEEilabelindent=\dimen114
\IEEEelabelindent=\dimen115
\IEEEdlabelindent=\dimen116
\IEEElabelindent=\dimen117
\IEEEiednormlabelsep=\dimen118
\IEEEiedmathlabelsep=\dimen119
\IEEEiedtopsep=\skip41
\c@section=\count82
\c@subsection=\count83
\c@subsubsection=\count84
\c@paragraph=\count85
\c@IEEEsubequation=\count86
\abovecaptionskip=\skip42
\belowcaptionskip=\skip43
\c@figure=\count87
\c@table=\count88
\@IEEEeqnnumcols=\count89
\@IEEEeqncolcnt=\count90
\@IEEEsubeqnnumrollback=\count91
\@IEEEquantizeheightA=\dimen120
\@IEEEquantizeheightB=\dimen121
\@IEEEquantizeheightC=\dimen122
\@IEEEquantizeprevdepth=\dimen123
\@IEEEquantizemultiple=\count92
\@IEEEquantizeboxA=\box26
\@IEEEtmpitemindent=\dimen124
\IEEEPARstartletwidth=\dimen125
\c@IEEEbiography=\count93
\@IEEEtranrubishbin=\box27
) (/usr/local/texlive/2017/texmf-dist/tex/latex/graphics/graphicx.sty
Package: graphicx 2014/10/28 v1.0g Enhanced LaTeX Graphics (DPC,SPQR)

(/usr/local/texlive/2017/texmf-dist/tex/latex/graphics/keyval.sty
Package: keyval 2014/10/28 v1.15 key=value parser (DPC)
\KV@toks@=\toks15
)
(/usr/local/texlive/2017/texmf-dist/tex/latex/graphics/graphics.sty
Package: graphics 2017/04/14 v1.1b Standard LaTeX Graphics (DPC,SPQR)

(/usr/local/texlive/2017/texmf-dist/tex/latex/graphics/trig.sty
Package: trig 2016/01/03 v1.10 sin cos tan (DPC)
)
(/usr/local/texlive/2017/texmf-dist/tex/latex/graphics-cfg/graphics.cfg
File: graphics.cfg 2016/06/04 v1.11 sample graphics configuration
)
Package graphics Info: Driver file: pdftex.def on input line 99.

(/usr/local/texlive/2017/texmf-dist/tex/latex/graphics-def/pdftex.def
File: pdftex.def 2017/01/12 v0.06k Graphics/color for pdfTeX

(/usr/local/texlive/2017/texmf-dist/tex/generic/oberdiek/infwarerr.sty
Package: infwarerr 2016/05/16 v1.4 Providing info/warning/error messages (HO)
)
(/usr/local/texlive/2017/texmf-dist/tex/generic/oberdiek/ltxcmds.sty
Package: ltxcmds 2016/05/16 v1.23 LaTeX kernel commands for general use (HO)
)
\Gread@gobject=\count94
))
\Gin@req@height=\dimen126
\Gin@req@width=\dimen127
)
(/usr/local/texlive/2017/texmf-dist/tex/latex/amsmath/amsmath.sty
Package: amsmath 2016/11/05 v2.16a AMS math features
\@mathmargin=\skip44

For additional information on amsmath, use the `?' option.
(/usr/local/texlive/2017/texmf-dist/tex/latex/amsmath/amstext.sty
Package: amstext 2000/06/29 v2.01 AMS text

(/usr/local/texlive/2017/texmf-dist/tex/latex/amsmath/amsgen.sty
File: amsgen.sty 1999/11/30 v2.0 generic functions
\@emptytoks=\toks16
\ex@=\dimen128
))
(/usr/local/texlive/2017/texmf-dist/tex/latex/amsmath/amsbsy.sty
Package: amsbsy 1999/11/29 v1.2d Bold Symbols
\pmbraise@=\dimen129
)
(/usr/local/texlive/2017/texmf-dist/tex/latex/amsmath/amsopn.sty
Package: amsopn 2016/03/08 v2.02 operator names
)
\inf@bad=\count95
LaTeX Info: Redefining \frac on input line 213.
\uproot@=\count96
\leftroot@=\count97
LaTeX Info: Redefining \overline on input line 375.
\classnum@=\count98
\DOTSCASE@=\count99
LaTeX Info: Redefining \ldots on input line 472.
LaTeX Info: Redefining \dots on input line 475.
LaTeX Info: Redefining \cdots on input line 596.
\Mathstrutbox@=\box28
\strutbox@=\box29
\big@size=\dimen130
LaTeX Font Info:    Redeclaring font encoding OML on input line 712.
LaTeX Font Info:    Redeclaring font encoding OMS on input line 713.
\macc@depth=\count100
\c@MaxMatrixCols=\count101
\dotsspace@=\muskip10
\c@parentequation=\count102
\dspbrk@lvl=\count103
\tag@help=\toks17
\row@=\count104
\column@=\count105
\maxfields@=\count106
\andhelp@=\toks18
\eqnshift@=\dimen131
\alignsep@=\dimen132
\tagshift@=\dimen133
\tagwidth@=\dimen134
\totwidth@=\dimen135
\lineht@=\dimen136
\@envbody=\toks19
\multlinegap=\skip45
\multlinetaggap=\skip46
\mathdisplay@stack=\toks20
LaTeX Info: Redefining \[ on input line 2817.
LaTeX Info: Redefining \] on input line 2818.
)
(./IEEE_WheelSysID.aux)
\openout1 = `IEEE_WheelSysID.aux'.

LaTeX Font Info:    Checking defaults for OML/cmm/m/it on input line 265.
LaTeX Font Info:    ... okay on input line 265.
LaTeX Font Info:    Checking defaults for T1/cmr/m/n on input line 265.
LaTeX Font Info:    ... okay on input line 265.
LaTeX Font Info:    Checking defaults for OT1/cmr/m/n on input line 265.
LaTeX Font Info:    ... okay on input line 265.
LaTeX Font Info:    Checking defaults for OMS/cmsy/m/n on input line 265.
LaTeX Font Info:    ... okay on input line 265.
LaTeX Font Info:    Checking defaults for OMX/cmex/m/n on input line 265.
LaTeX Font Info:    ... okay on input line 265.
LaTeX Font Info:    Checking defaults for U/cmr/m/n on input line 265.
LaTeX Font Info:    ... okay on input line 265.

-- Lines per column: 58 (exact).
(/usr/local/texlive/2017/texmf-dist/tex/context/base/mkii/supp-pdf.mkii
[Loading MPS to PDF converter (version 2006.09.02).]
\scratchcounter=\count107
\scratchdimen=\dimen137
\scratchbox=\box30
\nofMPsegments=\count108
\nofMParguments=\count109
\everyMPshowfont=\toks21
\MPscratchCnt=\count110
\MPscratchDim=\dimen138
\MPnumerator=\count111
\makeMPintoPDFobject=\count112
\everyMPtoPDFconversion=\toks22
) (/usr/local/texlive/2017/texmf-dist/tex/generic/oberdiek/pdftexcmds.sty
Package: pdftexcmds 2017/03/19 v0.25 Utility functions of pdfTeX for LuaTeX (HO
)

(/usr/local/texlive/2017/texmf-dist/tex/generic/oberdiek/ifluatex.sty
Package: ifluatex 2016/05/16 v1.4 Provides the ifluatex switch (HO)
Package ifluatex Info: LuaTeX not detected.
)
(/usr/local/texlive/2017/texmf-dist/tex/generic/oberdiek/ifpdf.sty
Package: ifpdf 2017/03/15 v3.2 Provides the ifpdf switch
)
Package pdftexcmds Info: LuaTeX not detected.
Package pdftexcmds Info: \pdf@primitive is available.
Package pdftexcmds Info: \pdf@ifprimitive is available.
Package pdftexcmds Info: \pdfdraftmode found.
)
(/usr/local/texlive/2017/texmf-dist/tex/latex/oberdiek/epstopdf-base.sty
Package: epstopdf-base 2016/05/15 v2.6 Base part for package epstopdf

(/usr/local/texlive/2017/texmf-dist/tex/latex/oberdiek/grfext.sty
Package: grfext 2016/05/16 v1.2 Manage graphics extensions (HO)

(/usr/local/texlive/2017/texmf-dist/tex/generic/oberdiek/kvdefinekeys.sty
Package: kvdefinekeys 2016/05/16 v1.4 Define keys (HO)
))
(/usr/local/texlive/2017/texmf-dist/tex/latex/oberdiek/kvoptions.sty
Package: kvoptions 2016/05/16 v3.12 Key value format for package options (HO)

(/usr/local/texlive/2017/texmf-dist/tex/generic/oberdiek/kvsetkeys.sty
Package: kvsetkeys 2016/05/16 v1.17 Key value parser (HO)

(/usr/local/texlive/2017/texmf-dist/tex/generic/oberdiek/etexcmds.sty
Package: etexcmds 2016/05/16 v1.6 Avoid name clashes with e-TeX commands (HO)
Package etexcmds Info: Could not find \expanded.
(etexcmds)             That can mean that you are not using pdfTeX 1.50 or
(etexcmds)             that some package has redefined \expanded.
(etexcmds)             In the latter case, load this package earlier.
)))
Package epstopdf-base Info: Redefining graphics rule for `.eps' on input line 4
38.
Package grfext Info: Graphics extension search list:
(grfext)             [.pdf,.jpeg,.png,.eps]
(grfext)             \AppendGraphicsExtensions on input line 456.

(/usr/local/texlive/2017/texmf-dist/tex/latex/latexconfig/epstopdf-sys.cfg
File: epstopdf-sys.cfg 2010/07/13 v1.3 Configuration of (r)epstopdf for TeX Liv
e
))
Underfull \hbox (badness 1728) in paragraph at lines 365--366
[]\OT1/ptm/m/n/10 Our ap-proach builds upon the one pro-posed by Pa-
 []

<apparatus.jpg, id=1, 3276.24pt x 2457.18pt>
File: apparatus.jpg Graphic file (type jpg)
 <use apparatus.jpg>
Package pdftex.def Info: apparatus.jpg used on input line 381.
(pdftex.def)             Requested size: 180.67499pt x 135.5015pt.
 [1{/usr/local/texlive/2017/texmf-var/fonts/map/pdftex/updmap/pdftex.map}


]

LaTeX Warning: Reference `eq:2' on page 2 undefined on input line 466.

[2 <./apparatus.jpg>]
Package epstopdf Info: Source file: <./figs/algo.eps>
(epstopdf)                    date: 2019-11-13 16:17:46
(epstopdf)                    size: 54115 bytes
(epstopdf)             Output file: <./figs/algo-eps-converted-to.pdf>
(epstopdf)                    date: 2019-11-13 16:17:50
(epstopdf)                    size: 20503 bytes
(epstopdf)             Command: <repstopdf --outfile=./figs/algo-eps-converted-
to.pdf ./figs/algo.eps>
(epstopdf)             \includegraphics on input line 490.
Package epstopdf Info: Output file is already uptodate.

<./figs/algo-eps-converted-to.pdf, id=24, 610.28pt x 421.575pt>
File: ./figs/algo-eps-converted-to.pdf Graphic file (type pdf)

<use ./figs/algo-eps-converted-to.pdf>
Package pdftex.def Info: ./figs/algo-eps-converted-to.pdf used on input line 49
0.
(pdftex.def)             Requested size: 252.94499pt x 174.73164pt.

Overfull \hbox (0.94499pt too wide) in paragraph at lines 490--491
 [][] 
 []

Package epstopdf Info: Source file: <./figs/CV.eps>
(epstopdf)                    date: 2019-11-13 16:12:27
(epstopdf)                    size: 15866 bytes
(epstopdf)             Output file: <./figs/CV-eps-converted-to.pdf>
(epstopdf)                    date: 2019-11-13 16:12:31
(epstopdf)                    size: 8650 bytes
(epstopdf)             Command: <repstopdf --outfile=./figs/CV-eps-converted-to
.pdf ./figs/CV.eps>
(epstopdf)             \includegraphics on input line 500.
Package epstopdf Info: Output file is already uptodate.
<./figs/CV-eps-converted-to.pdf, id=25, 562.1pt x 421.575pt>
File: ./figs/CV-eps-converted-to.pdf Graphic file (type pdf)

<use ./figs/CV-eps-converted-to.pdf>
Package pdftex.def Info: ./figs/CV-eps-converted-to.pdf used on input line 500.

(pdftex.def)             Requested size: 234.87749pt x 176.15327pt.
 [3 <./figs/algo-eps-converted-to.pdf>]
Package epstopdf Info: Source file: <./figs/gc_lat_rad.eps>
(epstopdf)                    date: 2019-11-13 16:22:46
(epstopdf)                    size: 35098 bytes
(epstopdf)             Output file: <./figs/gc_lat_rad-eps-converted-to.pdf>
(epstopdf)                    date: 2019-11-13 16:26:00
(epstopdf)                    size: 14964 bytes
(epstopdf)             Command: <repstopdf --outfile=./figs/gc_lat_rad-eps-conv
erted-to.pdf ./figs/gc_lat_rad.eps>
(epstopdf)             \includegraphics on input line 512.
Package epstopdf Info: Output file is already uptodate.

<./figs/gc_lat_rad-eps-converted-to.pdf, id=37, 562.1pt x 421.575pt>
File: ./figs/gc_lat_rad-eps-converted-to.pdf Graphic file (type pdf)

<use ./figs/gc_lat_rad-eps-converted-to.pdf>
Package pdftex.def Info: ./figs/gc_lat_rad-eps-converted-to.pdf used on input l
ine 512.
(pdftex.def)             Requested size: 234.87749pt x 176.15327pt.
Package epstopdf Info: Source file: <./figs/gc_ten.eps>
(epstopdf)                    date: 2019-11-13 16:29:02
(epstopdf)                    size: 45321 bytes
(epstopdf)             Output file: <./figs/gc_ten-eps-converted-to.pdf>
(epstopdf)                    date: 2019-11-13 16:35:02
(epstopdf)                    size: 10889 bytes
(epstopdf)             Command: <repstopdf --outfile=./figs/gc_ten-eps-converte
d-to.pdf ./figs/gc_ten.eps>
(epstopdf)             \includegraphics on input line 519.
Package epstopdf Info: Output file is already uptodate.

<./figs/gc_ten-eps-converted-to.pdf, id=38, 562.1pt x 444.66125pt>
File: ./figs/gc_ten-eps-converted-to.pdf Graphic file (type pdf)

<use ./figs/gc_ten-eps-converted-to.pdf>
Package pdftex.def Info: ./figs/gc_ten-eps-converted-to.pdf used on input line 
519.
(pdftex.def)             Requested size: 234.87749pt x 185.79976pt.
Package epstopdf Info: Source file: <./figs/simd.eps>
(epstopdf)                    date: 2019-11-13 17:08:49
(epstopdf)                    size: 27599 bytes
(epstopdf)             Output file: <./figs/simd-eps-converted-to.pdf>
(epstopdf)                    date: 2019-11-13 17:11:07
(epstopdf)                    size: 12183 bytes
(epstopdf)             Command: <repstopdf --outfile=./figs/simd-eps-converted-
to.pdf ./figs/simd.eps>
(epstopdf)             \includegraphics on input line 529.
Package epstopdf Info: Output file is already uptodate.

<./figs/simd-eps-converted-to.pdf, id=39, 562.1pt x 421.575pt>
File: ./figs/simd-eps-converted-to.pdf Graphic file (type pdf)

<use ./figs/simd-eps-converted-to.pdf>
Package pdftex.def Info: ./figs/simd-eps-converted-to.pdf used on input line 52
9.
(pdftex.def)             Requested size: 234.87749pt x 176.15327pt.
 [4 <./figs/CV-eps-converted-to.pdf> <./figs/gc_lat_rad-eps-converted-to.pdf> <
./figs/gc_ten-eps-converted-to.pdf>]
Package epstopdf Info: Source file: <./figs/c.eps>
(epstopdf)                    date: 2019-11-14 07:01:47
(epstopdf)                    size: 14179 bytes
(epstopdf)             Output file: <./figs/c-eps-converted-to.pdf>
(epstopdf)                    date: 2019-11-14 07:06:12
(epstopdf)                    size: 9066 bytes
(epstopdf)             Command: <repstopdf --outfile=./figs/c-eps-converted-to.
pdf ./figs/c.eps>
(epstopdf)             \includegraphics on input line 539.
Package epstopdf Info: Output file is already uptodate.

<./figs/c-eps-converted-to.pdf, id=67, 562.1pt x 421.575pt>
File: ./figs/c-eps-converted-to.pdf Graphic file (type pdf)

<use ./figs/c-eps-converted-to.pdf>
Package pdftex.def Info: ./figs/c-eps-converted-to.pdf used on input line 539.
(pdftex.def)             Requested size: 234.87749pt x 176.15327pt.
Package epstopdf Info: Source file: <./figs/exp1.eps>
(epstopdf)                    date: 2019-11-13 17:40:20
(epstopdf)                    size: 45954 bytes
(epstopdf)             Output file: <./figs/exp1-eps-converted-to.pdf>
(epstopdf)                    date: 2019-11-13 17:40:25
(epstopdf)                    size: 15058 bytes
(epstopdf)             Command: <repstopdf --outfile=./figs/exp1-eps-converted-
to.pdf ./figs/exp1.eps>
(epstopdf)             \includegraphics on input line 548.
Package epstopdf Info: Output file is already uptodate.

<./figs/exp1-eps-converted-to.pdf, id=68, 562.1pt x 421.575pt>
File: ./figs/exp1-eps-converted-to.pdf Graphic file (type pdf)

<use ./figs/exp1-eps-converted-to.pdf>
Package pdftex.def Info: ./figs/exp1-eps-converted-to.pdf used on input line 54
8.
(pdftex.def)             Requested size: 234.87749pt x 176.15327pt.
Package epstopdf Info: Source file: <./figs/exp1_err.eps>
(epstopdf)                    date: 2019-11-13 17:32:52
(epstopdf)                    size: 27929 bytes
(epstopdf)             Output file: <./figs/exp1_err-eps-converted-to.pdf>
(epstopdf)                    date: 2019-11-13 17:36:00
(epstopdf)                    size: 9972 bytes
(epstopdf)             Command: <repstopdf --outfile=./figs/exp1_err-eps-conver
ted-to.pdf ./figs/exp1_err.eps>
(epstopdf)             \includegraphics on input line 555.
Package epstopdf Info: Output file is already uptodate.

<./figs/exp1_err-eps-converted-to.pdf, id=69, 562.1pt x 421.575pt>
File: ./figs/exp1_err-eps-converted-to.pdf Graphic file (type pdf)

<use ./figs/exp1_err-eps-converted-to.pdf>
Package pdftex.def Info: ./figs/exp1_err-eps-converted-to.pdf used on input lin
e 555.
(pdftex.def)             Requested size: 234.87749pt x 176.15327pt.
Package epstopdf Info: Source file: <./figs/exp2.eps>
(epstopdf)                    date: 2019-11-14 07:27:32
(epstopdf)                    size: 60630 bytes
(epstopdf)             Output file: <./figs/exp2-eps-converted-to.pdf>
(epstopdf)                    date: 2019-11-14 07:30:28
(epstopdf)                    size: 18442 bytes
(epstopdf)             Command: <repstopdf --outfile=./figs/exp2-eps-converted-
to.pdf ./figs/exp2.eps>
(epstopdf)             \includegraphics on input line 580.
Package epstopdf Info: Output file is already uptodate.

<./figs/exp2-eps-converted-to.pdf, id=70, 562.1pt x 421.575pt>
File: ./figs/exp2-eps-converted-to.pdf Graphic file (type pdf)

<use ./figs/exp2-eps-converted-to.pdf>
Package pdftex.def Info: ./figs/exp2-eps-converted-to.pdf used on input line 58
0.
(pdftex.def)             Requested size: 234.87749pt x 176.15327pt.
 [5 <./figs/simd-eps-converted-to.pdf> <./figs/c-eps-converted-to.pdf> <./figs/
exp1-eps-converted-to.pdf> <./figs/exp1_err-eps-converted-to.pdf>] [6

 <./figs/exp2-eps-converted-to.pdf>]
(./IEEE_WheelSysID.aux)

LaTeX Warning: There were undefined references.

 ) 
Here is how much of TeX's memory you used:
 3020 strings out of 492995
 47322 string characters out of 6132704
 124580 words of memory out of 5000000
 6526 multiletter control sequences out of 15000+600000
 48341 words of font info for 89 fonts, out of 8000000 for 9000
 1144 hyphenation exceptions out of 8191
 39i,15n,28p,1535b,227s stack positions out of 5000i,500n,10000p,200000b,80000s
{/usr/local/texlive/2017/texmf-dist/fonts/enc/dvips/base/8r.enc}</usr/local/t
exlive/2017/texmf-dist/fonts/type1/public/amsfonts/cm/cmbx10.pfb></usr/local/te
xlive/2017/texmf-dist/fonts/type1/public/amsfonts/cm/cmbx5.pfb></usr/local/texl
ive/2017/texmf-dist/fonts/type1/public/amsfonts/cm/cmbx7.pfb></usr/local/texliv
e/2017/texmf-dist/fonts/type1/public/amsfonts/cm/cmex10.pfb></usr/local/texlive
/2017/texmf-dist/fonts/type1/public/amsfonts/cm/cmmi10.pfb></usr/local/texlive/
2017/texmf-dist/fonts/type1/public/amsfonts/cm/cmmi7.pfb></usr/local/texlive/20
17/texmf-dist/fonts/type1/public/amsfonts/cm/cmmi8.pfb></usr/local/texlive/2017
/texmf-dist/fonts/type1/public/amsfonts/cm/cmr10.pfb></usr/local/texlive/2017/t
exmf-dist/fonts/type1/public/amsfonts/cm/cmr7.pfb></usr/local/texlive/2017/texm
f-dist/fonts/type1/public/amsfonts/cm/cmr8.pfb></usr/local/texlive/2017/texmf-d
ist/fonts/type1/public/amsfonts/cm/cmsy10.pfb></usr/local/texlive/2017/texmf-di
st/fonts/type1/public/amsfonts/cm/cmsy7.pfb></usr/local/texlive/2017/texmf-dist
/fonts/type1/public/amsfonts/cm/cmsy8.pfb></usr/local/texlive/2017/texmf-dist/f
onts/type1/urw/times/utmb8a.pfb></usr/local/texlive/2017/texmf-dist/fonts/type1
/urw/times/utmbi8a.pfb></usr/local/texlive/2017/texmf-dist/fonts/type1/urw/time
s/utmr8a.pfb></usr/local/texlive/2017/texmf-dist/fonts/type1/urw/times/utmri8a.
pfb>
Output written on IEEE_WheelSysID.pdf (6 pages, 1792753 bytes).
PDF statistics:
 175 PDF objects out of 1000 (max. 8388607)
 120 compressed objects within 2 object streams
 0 named destinations out of 1000 (max. 500000)
 51 words of extra memory for PDF output out of 10000 (max. 10000000)

